<?xml version="1.0" encoding="UTF-8"?>
<!-- Generated by org.testng.reporters.JUnitReportReporter -->
<testsuite hostname="Pooja-PC" failures="0" tests="3" name="selenium.parameter" time="0.014" errors="0" timestamp="2024-09-24T20:15:10 IST" skipped="0">
  <testcase classname="selenium.parameter" name="test1" time="0.001"/>
  <testcase classname="selenium.parameter" name="test3" time="0.003"/>
  <testcase classname="selenium.parameter" name="test2" time="0.010"/>
</testsuite> <!-- selenium.parameter -->
