<?xml version="1.0" encoding="UTF-8"?>
<!-- Generated by org.testng.reporters.JUnitReportReporter -->
<testsuite hostname="Pooja-PC" failures="0" tests="1" name="selenium.testNGt" time="0.007" errors="0" timestamp="2024-09-23T20:27:00 IST" skipped="0">
  <testcase classname="selenium.testNGt" name="testMethod" time="0.007"/>
</testsuite> <!-- selenium.testNGt -->
